
> back@1.0.0 prod-tmp /home/ubuntu/remember_me/back
> nodemon --watch 'src/**/*.ts' --exec 'ts-node' -r tsconfig-paths/register --files www.ts --project tsconfig.json

[33m[nodemon] 2.0.6[39m
[33m[nodemon] to restart at any time, enter `rs`[39m
[33m[nodemon] watching path(s): src/**/*.ts[39m
[33m[nodemon] watching extensions: ts,json[39m
[32m[nodemon] starting `ts-node -r tsconfig-paths/register --files www.ts --project tsconfig.json`[39m
events.js:292
      throw er; // Unhandled 'error' event
      ^

Error: EBADF: bad file descriptor, read
Emitted 'error' event on ReadStream instance at:
    at internal/fs/streams.js:206:14
    at FSReqCallback.wrapper [as oncomplete] (fs.js:516:5) {
  errno: -9,
  code: 'EBADF',
  syscall: 'read'
}
npm ERR! code ELIFECYCLE
npm ERR! errno 1
npm ERR! back@1.0.0 prod-tmp: `nodemon --watch 'src/**/*.ts' --exec 'ts-node' -r tsconfig-paths/register --files www.ts --project tsconfig.json`
npm ERR! Exit status 1
npm ERR! 
npm ERR! Failed at the back@1.0.0 prod-tmp script.
npm ERR! This is probably not a problem with npm. There is likely additional logging output above.

npm ERR! A complete log of this run can be found in:
npm ERR!     /home/ubuntu/.npm/_logs/2020-12-29T22_42_58_551Z-debug.log
2020-12-30 07:44:04.564 [[32minfo[39m] 	Running in prod mode 
2020-12-30 07:44:05.246 [[32minfo[39m] 	Connected to mongodb 
2020-12-30 07:44:05.319 [[32minfo[39m] 	starting https server on port 7627.... 
